<?xml version="1.0" encoding="UTF-8"?>
<testng-results skipped="0" failed="0" ignored="0" total="1" passed="1">
  <reporter-output>
  </reporter-output>
  <suite name="Suite" duration-ms="13731" started-at="2021-09-22T12:45:16 CDT" finished-at="2021-09-22T12:45:30 CDT">
    <groups>
      <group name="prod">
        <method signature="AdditionTest.additionTest(java.util.Map)[pri:0, instance:com.test.classes.AdditionTest@50d0686]" name="additionTest" class="com.test.classes.AdditionTest"/>
      </group> <!-- prod -->
      <group name="stage">
        <method signature="AdditionTest.additionTest(java.util.Map)[pri:0, instance:com.test.classes.AdditionTest@50d0686]" name="additionTest" class="com.test.classes.AdditionTest"/>
      </group> <!-- stage -->
    </groups>
    <test name="TestAddition" duration-ms="13731" started-at="2021-09-22T12:45:16 CDT" finished-at="2021-09-22T12:45:30 CDT">
      <class name="com.test.classes.AdditionTest">
        <test-method status="PASS" signature="additionTest(java.util.Map)[pri:0, instance:com.test.classes.AdditionTest@50d0686]" name="additionTest" duration-ms="13676" started-at="2021-09-22T12:45:16 CDT" data-provider="csvData" finished-at="2021-09-22T12:45:30 CDT">
          <params>
            <param index="0">
              <value>
                <![CDATA[{Sl_No=1, Input=2.2-1=, ExpectedResult=1.2}]]>
              </value>
            </param>
          </params>
          <reporter-output>
          </reporter-output>
        </test-method> <!-- additionTest -->
      </class> <!-- com.test.classes.AdditionTest -->
    </test> <!-- TestAddition -->
  </suite> <!-- Suite -->
</testng-results>
